"2017-06-14 22:39:25 [main] INFO  c.c.invoicing.InvoicingApplication - Starting InvoicingApplication on DESKTOP-560J6HB with PID 9152 (C:\Users\User\Desktop\invoicing\target\classes started by User in C:\Users\User\Desktop\invoicing)
""2017-06-14 22:39:25 [main] INFO  c.c.invoicing.InvoicingApplication - No active profile set, falling back to default profiles: default
""2017-06-14 22:39:25 [main] INFO  o.s.b.c.e.AnnotationConfigEmbeddedWebApplicationContext - Refreshing org.springframework.boot.context.embedded.AnnotationConfigEmbeddedWebApplicationContext@7f9fcf7f: startup date [Wed Jun 14 22:39:25 CEST 2017]; root of context hierarchy
""2017-06-14 22:39:27 [main] INFO  o.s.b.f.s.DefaultListableBeanFactory - Overriding bean definition for bean 'httpRequestHandlerAdapter' with a different definition: replacing [Root bean: class [null]; scope=; abstract=false; lazyInit=false; autowireMode=3; dependencyCheck=0; autowireCandidate=true; primary=false; factoryBeanName=org.springframework.boot.autoconfigure.web.WebMvcAutoConfiguration$EnableWebMvcConfiguration; factoryMethodName=httpRequestHandlerAdapter; initMethodName=null; destroyMethodName=(inferred); defined in class path resource [org/springframework/boot/autoconfigure/web/WebMvcAutoConfiguration$EnableWebMvcConfiguration.class]] with [Root bean: class [null]; scope=; abstract=false; lazyInit=false; autowireMode=3; dependencyCheck=0; autowireCandidate=true; primary=false; factoryBeanName=org.springframework.data.rest.webmvc.config.RepositoryRestMvcConfiguration; factoryMethodName=httpRequestHandlerAdapter; initMethodName=null; destroyMethodName=(inferred); defined in class path resource [org/springframework/data/rest/webmvc/config/RepositoryRestMvcConfiguration.class]]
""2017-06-14 22:39:29 [main] INFO  o.s.c.s.PostProcessorRegistrationDelegate$BeanPostProcessorChecker - Bean 'org.springframework.transaction.annotation.ProxyTransactionManagementConfiguration' of type [org.springframework.transaction.annotation.ProxyTransactionManagementConfiguration$$EnhancerBySpringCGLIB$$f6f266e3] is not eligible for getting processed by all BeanPostProcessors (for example: not eligible for auto-proxying)
""2017-06-14 22:39:29 [main] INFO  o.s.c.s.PostProcessorRegistrationDelegate$BeanPostProcessorChecker - Bean 'org.springframework.security.config.annotation.configuration.ObjectPostProcessorConfiguration' of type [org.springframework.security.config.annotation.configuration.ObjectPostProcessorConfiguration$$EnhancerBySpringCGLIB$$8fa02f1d] is not eligible for getting processed by all BeanPostProcessors (for example: not eligible for auto-proxying)
""2017-06-14 22:39:29 [main] INFO  o.s.c.s.PostProcessorRegistrationDelegate$BeanPostProcessorChecker - Bean 'objectPostProcessor' of type [org.springframework.security.config.annotation.configuration.AutowireBeanFactoryObjectPostProcessor] is not eligible for getting processed by all BeanPostProcessors (for example: not eligible for auto-proxying)
""2017-06-14 22:39:29 [main] INFO  o.s.c.s.PostProcessorRegistrationDelegate$BeanPostProcessorChecker - Bean 'org.springframework.security.access.expression.method.DefaultMethodSecurityExpressionHandler@49c8f6e8' of type [org.springframework.security.access.expression.method.DefaultMethodSecurityExpressionHandler] is not eligible for getting processed by all BeanPostProcessors (for example: not eligible for auto-proxying)
""2017-06-14 22:39:29 [main] INFO  o.s.c.s.PostProcessorRegistrationDelegate$BeanPostProcessorChecker - Bean 'org.springframework.security.config.annotation.method.configuration.GlobalMethodSecurityConfiguration' of type [org.springframework.security.config.annotation.method.configuration.GlobalMethodSecurityConfiguration$$EnhancerBySpringCGLIB$$b474d1cf] is not eligible for getting processed by all BeanPostProcessors (for example: not eligible for auto-proxying)
""2017-06-14 22:39:29 [main] INFO  o.s.c.s.PostProcessorRegistrationDelegate$BeanPostProcessorChecker - Bean 'methodSecurityMetadataSource' of type [org.springframework.security.access.method.DelegatingMethodSecurityMetadataSource] is not eligible for getting processed by all BeanPostProcessors (for example: not eligible for auto-proxying)
""2017-06-14 22:39:29 [main] INFO  o.s.b.c.e.t.TomcatEmbeddedServletContainer - Tomcat initialized with port(s): 9000 (https)
""2017-06-14 22:39:29 [main] INFO  o.a.catalina.core.StandardService - Starting service Tomcat
""2017-06-14 22:39:29 [main] INFO  o.a.catalina.core.StandardEngine - Starting Servlet Engine: Apache Tomcat/8.5.14
""2017-06-14 22:39:29 [localhost-startStop-1] INFO  o.a.c.c.C.[Tomcat].[localhost].[/] - Initializing Spring embedded WebApplicationContext
""2017-06-14 22:39:29 [localhost-startStop-1] INFO  o.s.web.context.ContextLoader - Root WebApplicationContext: initialization completed in 4049 ms
""2017-06-14 22:39:30 [localhost-startStop-1] INFO  hsqldb.db.HSQLDB5C4B4451EF.ENGINE - checkpointClose start
""2017-06-14 22:39:30 [localhost-startStop-1] INFO  hsqldb.db.HSQLDB5C4B4451EF.ENGINE - checkpointClose synched
""2017-06-14 22:39:31 [localhost-startStop-1] INFO  hsqldb.db.HSQLDB5C4B4451EF.ENGINE - checkpointClose script done
""2017-06-14 22:39:31 [localhost-startStop-1] INFO  hsqldb.db.HSQLDB5C4B4451EF.ENGINE - checkpointClose end
""2017-06-14 22:39:31 [localhost-startStop-1] INFO  o.s.o.j.LocalContainerEntityManagerFactoryBean - Building JPA container EntityManagerFactory for persistence unit 'default'
""2017-06-14 22:39:31 [localhost-startStop-1] INFO  o.h.jpa.internal.util.LogHelper - HHH000204: Processing PersistenceUnitInfo [
	name: default
	...]
""2017-06-14 22:39:31 [localhost-startStop-1] INFO  org.hibernate.Version - HHH000412: Hibernate Core {5.0.12.Final}
""2017-06-14 22:39:31 [localhost-startStop-1] INFO  org.hibernate.cfg.Environment - HHH000206: hibernate.properties not found
""2017-06-14 22:39:31 [localhost-startStop-1] INFO  org.hibernate.cfg.Environment - HHH000021: Bytecode provider name : javassist
""2017-06-14 22:39:31 [localhost-startStop-1] INFO  o.h.annotations.common.Version - HCANN000001: Hibernate Commons Annotations {5.0.1.Final}
""2017-06-14 22:39:31 [localhost-startStop-1] INFO  org.hibernate.dialect.Dialect - HHH000400: Using dialect: org.hibernate.dialect.HSQLDialect
""2017-06-14 22:39:32 [localhost-startStop-1] WARN  org.hibernate.orm.deprecation - HHH90000014: Found use of deprecated [org.hibernate.id.SequenceHiLoGenerator] sequence-based id generator; use org.hibernate.id.enhanced.SequenceStyleGenerator instead.  See Hibernate Domain Model Mapping Guide for details.
""2017-06-14 22:39:32 [localhost-startStop-1] WARN  org.hibernate.orm.deprecation - HHH90000014: Found use of deprecated [org.hibernate.id.SequenceHiLoGenerator] sequence-based id generator; use org.hibernate.id.enhanced.SequenceStyleGenerator instead.  See Hibernate Domain Model Mapping Guide for details.
""2017-06-14 22:39:32 [localhost-startStop-1] WARN  org.hibernate.orm.deprecation - HHH90000014: Found use of deprecated [org.hibernate.id.SequenceHiLoGenerator] sequence-based id generator; use org.hibernate.id.enhanced.SequenceStyleGenerator instead.  See Hibernate Domain Model Mapping Guide for details.
""2017-06-14 22:39:32 [localhost-startStop-1] WARN  org.hibernate.orm.deprecation - HHH90000014: Found use of deprecated [org.hibernate.id.SequenceHiLoGenerator] sequence-based id generator; use org.hibernate.id.enhanced.SequenceStyleGenerator instead.  See Hibernate Domain Model Mapping Guide for details.
""2017-06-14 22:39:32 [localhost-startStop-1] WARN  org.hibernate.orm.deprecation - HHH90000014: Found use of deprecated [org.hibernate.id.SequenceHiLoGenerator] sequence-based id generator; use org.hibernate.id.enhanced.SequenceStyleGenerator instead.  See Hibernate Domain Model Mapping Guide for details.
""2017-06-14 22:39:32 [localhost-startStop-1] WARN  org.hibernate.orm.deprecation - HHH90000014: Found use of deprecated [org.hibernate.id.SequenceHiLoGenerator] sequence-based id generator; use org.hibernate.id.enhanced.SequenceStyleGenerator instead.  See Hibernate Domain Model Mapping Guide for details.
""2017-06-14 22:39:32 [localhost-startStop-1] WARN  org.hibernate.orm.deprecation - HHH90000014: Found use of deprecated [org.hibernate.id.SequenceHiLoGenerator] sequence-based id generator; use org.hibernate.id.enhanced.SequenceStyleGenerator instead.  See Hibernate Domain Model Mapping Guide for details.
""2017-06-14 22:39:32 [localhost-startStop-1] WARN  org.hibernate.orm.deprecation - HHH90000014: Found use of deprecated [org.hibernate.id.SequenceHiLoGenerator] sequence-based id generator; use org.hibernate.id.enhanced.SequenceStyleGenerator instead.  See Hibernate Domain Model Mapping Guide for details.
""2017-06-14 22:39:32 [localhost-startStop-1] WARN  org.hibernate.orm.deprecation - HHH90000014: Found use of deprecated [org.hibernate.id.SequenceHiLoGenerator] sequence-based id generator; use org.hibernate.id.enhanced.SequenceStyleGenerator instead.  See Hibernate Domain Model Mapping Guide for details.
""2017-06-14 22:39:32 [localhost-startStop-1] WARN  org.hibernate.orm.deprecation - HHH90000014: Found use of deprecated [org.hibernate.id.SequenceHiLoGenerator] sequence-based id generator; use org.hibernate.id.enhanced.SequenceStyleGenerator instead.  See Hibernate Domain Model Mapping Guide for details.
""2017-06-14 22:39:32 [localhost-startStop-1] WARN  org.hibernate.orm.deprecation - HHH90000014: Found use of deprecated [org.hibernate.id.SequenceHiLoGenerator] sequence-based id generator; use org.hibernate.id.enhanced.SequenceStyleGenerator instead.  See Hibernate Domain Model Mapping Guide for details.
""2017-06-14 22:39:32 [localhost-startStop-1] WARN  org.hibernate.orm.deprecation - HHH90000014: Found use of deprecated [org.hibernate.id.SequenceHiLoGenerator] sequence-based id generator; use org.hibernate.id.enhanced.SequenceStyleGenerator instead.  See Hibernate Domain Model Mapping Guide for details.
""2017-06-14 22:39:32 [localhost-startStop-1] WARN  org.hibernate.orm.deprecation - HHH90000014: Found use of deprecated [org.hibernate.id.SequenceHiLoGenerator] sequence-based id generator; use org.hibernate.id.enhanced.SequenceStyleGenerator instead.  See Hibernate Domain Model Mapping Guide for details.
""2017-06-14 22:39:32 [localhost-startStop-1] WARN  org.hibernate.orm.deprecation - HHH90000014: Found use of deprecated [org.hibernate.id.SequenceHiLoGenerator] sequence-based id generator; use org.hibernate.id.enhanced.SequenceStyleGenerator instead.  See Hibernate Domain Model Mapping Guide for details.
""2017-06-14 22:39:32 [localhost-startStop-1] WARN  org.hibernate.orm.deprecation - HHH90000014: Found use of deprecated [org.hibernate.id.SequenceHiLoGenerator] sequence-based id generator; use org.hibernate.id.enhanced.SequenceStyleGenerator instead.  See Hibernate Domain Model Mapping Guide for details.
""2017-06-14 22:39:32 [localhost-startStop-1] WARN  org.hibernate.orm.deprecation - HHH90000014: Found use of deprecated [org.hibernate.id.SequenceHiLoGenerator] sequence-based id generator; use org.hibernate.id.enhanced.SequenceStyleGenerator instead.  See Hibernate Domain Model Mapping Guide for details.
""2017-06-14 22:39:32 [localhost-startStop-1] WARN  org.hibernate.orm.deprecation - HHH90000014: Found use of deprecated [org.hibernate.id.SequenceHiLoGenerator] sequence-based id generator; use org.hibernate.id.enhanced.SequenceStyleGenerator instead.  See Hibernate Domain Model Mapping Guide for details.
""2017-06-14 22:39:32 [localhost-startStop-1] WARN  org.hibernate.orm.deprecation - HHH90000014: Found use of deprecated [org.hibernate.id.SequenceHiLoGenerator] sequence-based id generator; use org.hibernate.id.enhanced.SequenceStyleGenerator instead.  See Hibernate Domain Model Mapping Guide for details.
""2017-06-14 22:39:32 [localhost-startStop-1] WARN  org.hibernate.orm.deprecation - HHH90000014: Found use of deprecated [org.hibernate.id.SequenceHiLoGenerator] sequence-based id generator; use org.hibernate.id.enhanced.SequenceStyleGenerator instead.  See Hibernate Domain Model Mapping Guide for details.
""2017-06-14 22:39:32 [localhost-startStop-1] WARN  org.hibernate.orm.deprecation - HHH90000014: Found use of deprecated [org.hibernate.id.SequenceHiLoGenerator] sequence-based id generator; use org.hibernate.id.enhanced.SequenceStyleGenerator instead.  See Hibernate Domain Model Mapping Guide for details.
""2017-06-14 22:39:32 [localhost-startStop-1] INFO  o.h.tool.hbm2ddl.SchemaUpdate - HHH000228: Running hbm2ddl schema update
""2017-06-14 22:39:33 [localhost-startStop-1] INFO  o.s.o.j.LocalContainerEntityManagerFactoryBean - Initialized JPA EntityManagerFactory for persistence unit 'default'
""2017-06-14 22:39:35 [localhost-startStop-1] INFO  o.s.b.w.s.FilterRegistrationBean - Mapping filter: 'characterEncodingFilter' to: [/*]
""2017-06-14 22:39:35 [localhost-startStop-1] INFO  o.s.b.w.s.FilterRegistrationBean - Mapping filter: 'hiddenHttpMethodFilter' to: [/*]
""2017-06-14 22:39:35 [localhost-startStop-1] INFO  o.s.b.w.s.FilterRegistrationBean - Mapping filter: 'httpPutFormContentFilter' to: [/*]
""2017-06-14 22:39:35 [localhost-startStop-1] INFO  o.s.b.w.s.FilterRegistrationBean - Mapping filter: 'requestContextFilter' to: [/*]
""2017-06-14 22:39:35 [localhost-startStop-1] INFO  o.s.b.w.s.DelegatingFilterProxyRegistrationBean - Mapping filter: 'springSecurityFilterChain' to: [/*]
""2017-06-14 22:39:35 [localhost-startStop-1] INFO  o.s.b.w.s.FilterRegistrationBean - Mapping filter: 'authenticationTokenFilterBean' to: [/*]
""2017-06-14 22:39:35 [localhost-startStop-1] INFO  o.s.b.w.s.ServletRegistrationBean - Mapping servlet: 'dispatcherServlet' to [/]
""2017-06-14 22:39:36 [main] INFO  o.s.s.web.DefaultSecurityFilterChain - Creating filter chain: org.springframework.security.web.util.matcher.AnyRequestMatcher@1, [org.springframework.security.web.context.request.async.WebAsyncManagerIntegrationFilter@2e1ddc90, org.springframework.security.web.context.SecurityContextPersistenceFilter@4aa21f9d, org.springframework.security.web.header.HeaderWriterFilter@3f736a16, org.springframework.security.web.authentication.logout.LogoutFilter@7bab5898, com.company.invoicing.security.JwtAuthenticationTokenFilter@24323c0f, org.springframework.security.web.savedrequest.RequestCacheAwareFilter@640ab13c, org.springframework.security.web.servletapi.SecurityContextHolderAwareRequestFilter@7132a9dc, org.springframework.security.web.authentication.AnonymousAuthenticationFilter@5b7c8930, org.springframework.security.web.session.SessionManagementFilter@507d64aa, org.springframework.security.web.access.ExceptionTranslationFilter@3c87fdf2, org.springframework.security.web.access.intercept.FilterSecurityInterceptor@4277127c]
""2017-06-14 22:39:36 [main] INFO  o.s.w.s.m.m.a.RequestMappingHandlerAdapter - Looking for @ControllerAdvice: org.springframework.boot.context.embedded.AnnotationConfigEmbeddedWebApplicationContext@7f9fcf7f: startup date [Wed Jun 14 22:39:25 CEST 2017]; root of context hierarchy
""2017-06-14 22:39:36 [main] INFO  o.s.w.s.m.m.a.RequestMappingHandlerMapping - Mapped "{[/business_partner/delete/{id}],methods=[DELETE]}" onto public void com.company.invoicing.controllers.Business_partnerController.remove(long)
""2017-06-14 22:39:36 [main] INFO  o.s.w.s.m.m.a.RequestMappingHandlerMapping - Mapped "{[/business_partner/update],methods=[PUT]}" onto public void com.company.invoicing.controllers.Business_partnerController.update(com.company.invoicing.models.Business_partner)
""2017-06-14 22:39:36 [main] INFO  o.s.w.s.m.m.a.RequestMappingHandlerMapping - Mapped "{[/business_partner/{id}],methods=[GET]}" onto public com.company.invoicing.models.Business_partner com.company.invoicing.controllers.Business_partnerController.find(long)
""2017-06-14 22:39:36 [main] INFO  o.s.w.s.m.m.a.RequestMappingHandlerMapping - Mapped "{[/business_partner/create],methods=[POST]}" onto public void com.company.invoicing.controllers.Business_partnerController.create(com.company.invoicing.models.Business_partner)
""2017-06-14 22:39:36 [main] INFO  o.s.w.s.m.m.a.RequestMappingHandlerMapping - Mapped "{[/business_partner/search],methods=[POST]}" onto public java.util.List<com.company.invoicing.models.Business_partner> com.company.invoicing.controllers.Business_partnerController.search(com.company.invoicing.models.Business_partner)
""2017-06-14 22:39:36 [main] INFO  o.s.w.s.m.m.a.RequestMappingHandlerMapping - Mapped "{[/business_partner],methods=[GET]}" onto public java.util.List<com.company.invoicing.models.Business_partner> com.company.invoicing.controllers.Business_partnerController.getAll(javax.servlet.http.HttpServletRequest)
""2017-06-14 22:39:36 [main] INFO  o.s.w.s.m.m.a.RequestMappingHandlerMapping - Mapped "{[/company/delete/{id}],methods=[DELETE]}" onto public void com.company.invoicing.controllers.CompanyController.remove(long)
""2017-06-14 22:39:36 [main] INFO  o.s.w.s.m.m.a.RequestMappingHandlerMapping - Mapped "{[/company/update],methods=[PUT]}" onto public void com.company.invoicing.controllers.CompanyController.update(com.company.invoicing.models.Company)
""2017-06-14 22:39:36 [main] INFO  o.s.w.s.m.m.a.RequestMappingHandlerMapping - Mapped "{[/company/{id}],methods=[GET]}" onto public com.company.invoicing.models.Company com.company.invoicing.controllers.CompanyController.find(long)
""2017-06-14 22:39:36 [main] INFO  o.s.w.s.m.m.a.RequestMappingHandlerMapping - Mapped "{[/company/create],methods=[POST]}" onto public void com.company.invoicing.controllers.CompanyController.create(com.company.invoicing.models.Company)
""2017-06-14 22:39:36 [main] INFO  o.s.w.s.m.m.a.RequestMappingHandlerMapping - Mapped "{[/company/search],methods=[POST]}" onto public java.util.List<com.company.invoicing.models.Company> com.company.invoicing.controllers.CompanyController.search(com.company.invoicing.models.Company)
""2017-06-14 22:39:36 [main] INFO  o.s.w.s.m.m.a.RequestMappingHandlerMapping - Mapped "{[/company],methods=[GET]}" onto public java.util.List<com.company.invoicing.models.Company> com.company.invoicing.controllers.CompanyController.getAll(javax.servlet.http.HttpServletRequest)
""2017-06-14 22:39:36 [main] INFO  o.s.w.s.m.m.a.RequestMappingHandlerMapping - Mapped "{[/currency/delete/{id}],methods=[DELETE]}" onto public void com.company.invoicing.controllers.CurrencyController.remove(long)
""2017-06-14 22:39:36 [main] INFO  o.s.w.s.m.m.a.RequestMappingHandlerMapping - Mapped "{[/currency/update],methods=[PUT]}" onto public void com.company.invoicing.controllers.CurrencyController.update(com.company.invoicing.models.Currency)
""2017-06-14 22:39:36 [main] INFO  o.s.w.s.m.m.a.RequestMappingHandlerMapping - Mapped "{[/currency/{id}],methods=[GET]}" onto public com.company.invoicing.models.Currency com.company.invoicing.controllers.CurrencyController.find(long)
""2017-06-14 22:39:36 [main] INFO  o.s.w.s.m.m.a.RequestMappingHandlerMapping - Mapped "{[/currency/create],methods=[POST]}" onto public void com.company.invoicing.controllers.CurrencyController.create(com.company.invoicing.models.Currency)
""2017-06-14 22:39:36 [main] INFO  o.s.w.s.m.m.a.RequestMappingHandlerMapping - Mapped "{[/currency/search],methods=[POST]}" onto public java.util.List<com.company.invoicing.models.Currency> com.company.invoicing.controllers.CurrencyController.search(com.company.invoicing.models.Currency)
""2017-06-14 22:39:36 [main] INFO  o.s.w.s.m.m.a.RequestMappingHandlerMapping - Mapped "{[/currency],methods=[GET]}" onto public java.util.List<com.company.invoicing.models.Currency> com.company.invoicing.controllers.CurrencyController.getAll()
""2017-06-14 22:39:36 [main] INFO  o.s.w.s.m.m.a.RequestMappingHandlerMapping - Mapped "{[/fiscal_year/delete/{id}],methods=[DELETE]}" onto public void com.company.invoicing.controllers.Fiscal_yearController.remove(long)
""2017-06-14 22:39:36 [main] INFO  o.s.w.s.m.m.a.RequestMappingHandlerMapping - Mapped "{[/fiscal_year/update],methods=[PUT]}" onto public void com.company.invoicing.controllers.Fiscal_yearController.update(com.company.invoicing.models.Fiscal_year)
""2017-06-14 22:39:36 [main] INFO  o.s.w.s.m.m.a.RequestMappingHandlerMapping - Mapped "{[/fiscal_year/{id}],methods=[GET]}" onto public com.company.invoicing.models.Fiscal_year com.company.invoicing.controllers.Fiscal_yearController.find(long)
""2017-06-14 22:39:36 [main] INFO  o.s.w.s.m.m.a.RequestMappingHandlerMapping - Mapped "{[/fiscal_year/create],methods=[POST]}" onto public void com.company.invoicing.controllers.Fiscal_yearController.create(com.company.invoicing.models.Fiscal_year)
""2017-06-14 22:39:36 [main] INFO  o.s.w.s.m.m.a.RequestMappingHandlerMapping - Mapped "{[/fiscal_year/search],methods=[POST]}" onto public java.util.List<com.company.invoicing.models.Fiscal_year> com.company.invoicing.controllers.Fiscal_yearController.search(com.company.invoicing.models.Fiscal_year)
""2017-06-14 22:39:36 [main] INFO  o.s.w.s.m.m.a.RequestMappingHandlerMapping - Mapped "{[/fiscal_year],methods=[GET]}" onto public java.util.List<com.company.invoicing.models.Fiscal_year> com.company.invoicing.controllers.Fiscal_yearController.getAll(javax.servlet.http.HttpServletRequest)
""2017-06-14 22:39:36 [main] INFO  o.s.w.s.m.m.a.RequestMappingHandlerMapping - Mapped "{[/invoice_item/delete/{id}],methods=[DELETE]}" onto public void com.company.invoicing.controllers.Invoice_itemController.remove(long)
""2017-06-14 22:39:36 [main] INFO  o.s.w.s.m.m.a.RequestMappingHandlerMapping - Mapped "{[/invoice_item/update],methods=[PUT]}" onto public void com.company.invoicing.controllers.Invoice_itemController.update(com.company.invoicing.models.Invoice_item)
""2017-06-14 22:39:36 [main] INFO  o.s.w.s.m.m.a.RequestMappingHandlerMapping - Mapped "{[/invoice_item/{id}],methods=[GET]}" onto public com.company.invoicing.models.Invoice_item com.company.invoicing.controllers.Invoice_itemController.find(long)
""2017-06-14 22:39:36 [main] INFO  o.s.w.s.m.m.a.RequestMappingHandlerMapping - Mapped "{[/invoice_item/create],methods=[POST]}" onto public void com.company.invoicing.controllers.Invoice_itemController.create(com.company.invoicing.models.Invoice_item)
""2017-06-14 22:39:36 [main] INFO  o.s.w.s.m.m.a.RequestMappingHandlerMapping - Mapped "{[/invoice_item/search],methods=[POST]}" onto public java.util.List<com.company.invoicing.models.Invoice_item> com.company.invoicing.controllers.Invoice_itemController.search(com.company.invoicing.models.Invoice_item)
""2017-06-14 22:39:36 [main] INFO  o.s.w.s.m.m.a.RequestMappingHandlerMapping - Mapped "{[/invoice_item],methods=[GET]}" onto public java.util.List<com.company.invoicing.models.Invoice_item> com.company.invoicing.controllers.Invoice_itemController.getAll(javax.servlet.http.HttpServletRequest)
""2017-06-14 22:39:36 [main] INFO  o.s.w.s.m.m.a.RequestMappingHandlerMapping - Mapped "{[/invoice/delete/{id}],methods=[DELETE]}" onto public void com.company.invoicing.controllers.InvoiceController.remove(long)
""2017-06-14 22:39:36 [main] INFO  o.s.w.s.m.m.a.RequestMappingHandlerMapping - Mapped "{[/invoice/update],methods=[PUT]}" onto public void com.company.invoicing.controllers.InvoiceController.update(com.company.invoicing.models.Invoice)
""2017-06-14 22:39:36 [main] INFO  o.s.w.s.m.m.a.RequestMappingHandlerMapping - Mapped "{[/invoice/{id}],methods=[GET]}" onto public com.company.invoicing.models.Invoice com.company.invoicing.controllers.InvoiceController.find(long)
""2017-06-14 22:39:36 [main] INFO  o.s.w.s.m.m.a.RequestMappingHandlerMapping - Mapped "{[/invoice/create],methods=[POST]}" onto public void com.company.invoicing.controllers.InvoiceController.create(com.company.invoicing.models.Invoice)
""2017-06-14 22:39:36 [main] INFO  o.s.w.s.m.m.a.RequestMappingHandlerMapping - Mapped "{[/invoice/search],methods=[POST]}" onto public java.util.List<com.company.invoicing.models.Invoice> com.company.invoicing.controllers.InvoiceController.search(com.company.invoicing.models.Invoice)
""2017-06-14 22:39:36 [main] INFO  o.s.w.s.m.m.a.RequestMappingHandlerMapping - Mapped "{[/invoice],methods=[GET]}" onto public java.util.List<com.company.invoicing.models.Invoice> com.company.invoicing.controllers.InvoiceController.getAll(javax.servlet.http.HttpServletRequest)
""2017-06-14 22:39:36 [main] INFO  o.s.w.s.m.m.a.RequestMappingHandlerMapping - Mapped "{[/invoice/generateInvoice/{id}],methods=[POST]}" onto public void com.company.invoicing.controllers.InvoiceController.generateInvoice(long)
""2017-06-14 22:39:36 [main] INFO  o.s.w.s.m.m.a.RequestMappingHandlerMapping - Mapped "{[/invoice/allIIs/{id}],methods=[POST]}" onto public java.util.List<com.company.invoicing.models.Invoice_item> com.company.invoicing.controllers.InvoiceController.allPOIs(long)
""2017-06-14 22:39:36 [main] INFO  o.s.w.s.m.m.a.RequestMappingHandlerMapping - Mapped "{[/item_group/delete/{id}],methods=[DELETE]}" onto public void com.company.invoicing.controllers.Item_groupController.remove(long)
""2017-06-14 22:39:36 [main] INFO  o.s.w.s.m.m.a.RequestMappingHandlerMapping - Mapped "{[/item_group/update],methods=[PUT]}" onto public void com.company.invoicing.controllers.Item_groupController.update(com.company.invoicing.models.Item_group)
""2017-06-14 22:39:36 [main] INFO  o.s.w.s.m.m.a.RequestMappingHandlerMapping - Mapped "{[/item_group/{id}],methods=[GET]}" onto public com.company.invoicing.models.Item_group com.company.invoicing.controllers.Item_groupController.find(long)
""2017-06-14 22:39:36 [main] INFO  o.s.w.s.m.m.a.RequestMappingHandlerMapping - Mapped "{[/item_group/create],methods=[POST]}" onto public void com.company.invoicing.controllers.Item_groupController.create(com.company.invoicing.models.Item_group)
""2017-06-14 22:39:36 [main] INFO  o.s.w.s.m.m.a.RequestMappingHandlerMapping - Mapped "{[/item_group/search],methods=[POST]}" onto public java.util.List<com.company.invoicing.models.Item_group> com.company.invoicing.controllers.Item_groupController.search(com.company.invoicing.models.Item_group)
""2017-06-14 22:39:36 [main] INFO  o.s.w.s.m.m.a.RequestMappingHandlerMapping - Mapped "{[/item_group],methods=[GET]}" onto public java.util.List<com.company.invoicing.models.Item_group> com.company.invoicing.controllers.Item_groupController.getAll()
""2017-06-14 22:39:36 [main] INFO  o.s.w.s.m.m.a.RequestMappingHandlerMapping - Mapped "{[/item/delete/{id}],methods=[DELETE]}" onto public void com.company.invoicing.controllers.ItemController.remove(long)
""2017-06-14 22:39:36 [main] INFO  o.s.w.s.m.m.a.RequestMappingHandlerMapping - Mapped "{[/item/update],methods=[PUT]}" onto public void com.company.invoicing.controllers.ItemController.update(com.company.invoicing.models.Item)
""2017-06-14 22:39:36 [main] INFO  o.s.w.s.m.m.a.RequestMappingHandlerMapping - Mapped "{[/item/{id}],methods=[GET]}" onto public com.company.invoicing.models.Item com.company.invoicing.controllers.ItemController.find(long)
""2017-06-14 22:39:36 [main] INFO  o.s.w.s.m.m.a.RequestMappingHandlerMapping - Mapped "{[/item/create],methods=[POST]}" onto public void com.company.invoicing.controllers.ItemController.create(com.company.invoicing.models.Item)
""2017-06-14 22:39:36 [main] INFO  o.s.w.s.m.m.a.RequestMappingHandlerMapping - Mapped "{[/item/search],methods=[POST]}" onto public java.util.List<com.company.invoicing.models.Item> com.company.invoicing.controllers.ItemController.search(com.company.invoicing.models.Item)
""2017-06-14 22:39:36 [main] INFO  o.s.w.s.m.m.a.RequestMappingHandlerMapping - Mapped "{[/item],methods=[GET]}" onto public java.util.List<com.company.invoicing.models.Item> com.company.invoicing.controllers.ItemController.getAll()
""2017-06-14 22:39:36 [main] INFO  o.s.w.s.m.m.a.RequestMappingHandlerMapping - Mapped "{[/item/findAllValid],methods=[GET]}" onto public java.util.List<com.company.invoicing.models.Item> com.company.invoicing.controllers.ItemController.findAllValid()
""2017-06-14 22:39:36 [main] INFO  o.s.w.s.m.m.a.RequestMappingHandlerMapping - Mapped "{[/permission/update],methods=[PUT]}" onto public void com.company.invoicing.controllers.PermissionsController.update(com.company.invoicing.models.Permission)
""2017-06-14 22:39:36 [main] INFO  o.s.w.s.m.m.a.RequestMappingHandlerMapping - Mapped "{[/permission/delete/{id}],methods=[DELETE]}" onto public void com.company.invoicing.controllers.PermissionsController.delete(java.lang.Long)
""2017-06-14 22:39:36 [main] INFO  o.s.w.s.m.m.a.RequestMappingHandlerMapping - Mapped "{[/permission/create],methods=[POST]}" onto public void com.company.invoicing.controllers.PermissionsController.create(com.company.invoicing.models.Permission)
""2017-06-14 22:39:36 [main] INFO  o.s.w.s.m.m.a.RequestMappingHandlerMapping - Mapped "{[/permission],methods=[GET]}" onto public java.util.List<com.company.invoicing.models.Permission> com.company.invoicing.controllers.PermissionsController.all()
""2017-06-14 22:39:36 [main] INFO  o.s.w.s.m.m.a.RequestMappingHandlerMapping - Mapped "{[/permission/{id}],methods=[GET]}" onto public com.company.invoicing.models.Permission com.company.invoicing.controllers.PermissionsController.findOne(java.lang.Long)
""2017-06-14 22:39:36 [main] INFO  o.s.w.s.m.m.a.RequestMappingHandlerMapping - Mapped "{[/price_list_item/delete/{id}],methods=[DELETE]}" onto public void com.company.invoicing.controllers.Price_list_itemController.remove(long)
""2017-06-14 22:39:36 [main] INFO  o.s.w.s.m.m.a.RequestMappingHandlerMapping - Mapped "{[/price_list_item/update],methods=[PUT]}" onto public void com.company.invoicing.controllers.Price_list_itemController.update(com.company.invoicing.models.Price_list_item)
""2017-06-14 22:39:36 [main] INFO  o.s.w.s.m.m.a.RequestMappingHandlerMapping - Mapped "{[/price_list_item/{id}],methods=[GET]}" onto public com.company.invoicing.models.Price_list_item com.company.invoicing.controllers.Price_list_itemController.find(long)
""2017-06-14 22:39:36 [main] INFO  o.s.w.s.m.m.a.RequestMappingHandlerMapping - Mapped "{[/price_list_item/create],methods=[POST]}" onto public void com.company.invoicing.controllers.Price_list_itemController.create(com.company.invoicing.models.Price_list_item)
""2017-06-14 22:39:36 [main] INFO  o.s.w.s.m.m.a.RequestMappingHandlerMapping - Mapped "{[/price_list_item/search],methods=[POST]}" onto public java.util.List<com.company.invoicing.models.Price_list_item> com.company.invoicing.controllers.Price_list_itemController.search(com.company.invoicing.models.Price_list_item)
""2017-06-14 22:39:36 [main] INFO  o.s.w.s.m.m.a.RequestMappingHandlerMapping - Mapped "{[/price_list_item],methods=[GET]}" onto public java.util.List<com.company.invoicing.models.Price_list_item> com.company.invoicing.controllers.Price_list_itemController.getAll()
""2017-06-14 22:39:36 [main] INFO  o.s.w.s.m.m.a.RequestMappingHandlerMapping - Mapped "{[/price_list/delete/{id}],methods=[DELETE]}" onto public void com.company.invoicing.controllers.Price_listController.remove(long)
""2017-06-14 22:39:36 [main] INFO  o.s.w.s.m.m.a.RequestMappingHandlerMapping - Mapped "{[/price_list/update],methods=[PUT]}" onto public void com.company.invoicing.controllers.Price_listController.update(com.company.invoicing.models.Price_list)
""2017-06-14 22:39:36 [main] INFO  o.s.w.s.m.m.a.RequestMappingHandlerMapping - Mapped "{[/price_list/{id}],methods=[GET]}" onto public com.company.invoicing.models.Price_list com.company.invoicing.controllers.Price_listController.find(long)
""2017-06-14 22:39:36 [main] INFO  o.s.w.s.m.m.a.RequestMappingHandlerMapping - Mapped "{[/price_list/create],methods=[POST]}" onto public void com.company.invoicing.controllers.Price_listController.create(com.company.invoicing.models.Price_list)
""2017-06-14 22:39:36 [main] INFO  o.s.w.s.m.m.a.RequestMappingHandlerMapping - Mapped "{[/price_list/search],methods=[POST]}" onto public java.util.List<com.company.invoicing.models.Price_list> com.company.invoicing.controllers.Price_listController.search(com.company.invoicing.models.Price_list)
""2017-06-14 22:39:36 [main] INFO  o.s.w.s.m.m.a.RequestMappingHandlerMapping - Mapped "{[/price_list],methods=[GET]}" onto public java.util.List<com.company.invoicing.models.Price_list> com.company.invoicing.controllers.Price_listController.getAll()
""2017-06-14 22:39:36 [main] INFO  o.s.w.s.m.m.a.RequestMappingHandlerMapping - Mapped "{[/price_list/copyPriceList/{id}/{date}/{percent}],methods=[POST]}" onto public void com.company.invoicing.controllers.Price_listController.copyPriceList(java.lang.Long,java.lang.Long,double)
""2017-06-14 22:39:36 [main] INFO  o.s.w.s.m.m.a.RequestMappingHandlerMapping - Mapped "{[/purchase_order_item/delete/{id}],methods=[DELETE]}" onto public void com.company.invoicing.controllers.Purchase_order_itemController.remove(long)
""2017-06-14 22:39:36 [main] INFO  o.s.w.s.m.m.a.RequestMappingHandlerMapping - Mapped "{[/purchase_order_item/update],methods=[PUT]}" onto public void com.company.invoicing.controllers.Purchase_order_itemController.update(com.company.invoicing.models.Purchase_order_item)
""2017-06-14 22:39:36 [main] INFO  o.s.w.s.m.m.a.RequestMappingHandlerMapping - Mapped "{[/purchase_order_item/{id}],methods=[GET]}" onto public com.company.invoicing.models.Purchase_order_item com.company.invoicing.controllers.Purchase_order_itemController.find(long)
""2017-06-14 22:39:36 [main] INFO  o.s.w.s.m.m.a.RequestMappingHandlerMapping - Mapped "{[/purchase_order_item/create],methods=[POST]}" onto public void com.company.invoicing.controllers.Purchase_order_itemController.create(com.company.invoicing.models.Purchase_order_item)
""2017-06-14 22:39:36 [main] INFO  o.s.w.s.m.m.a.RequestMappingHandlerMapping - Mapped "{[/purchase_order_item/search],methods=[POST]}" onto public java.util.List<com.company.invoicing.models.Purchase_order_item> com.company.invoicing.controllers.Purchase_order_itemController.search(com.company.invoicing.models.Purchase_order_item)
""2017-06-14 22:39:36 [main] INFO  o.s.w.s.m.m.a.RequestMappingHandlerMapping - Mapped "{[/purchase_order_item],methods=[GET]}" onto public java.util.List<com.company.invoicing.models.Purchase_order_item> com.company.invoicing.controllers.Purchase_order_itemController.getAll(javax.servlet.http.HttpServletRequest)
""2017-06-14 22:39:36 [main] INFO  o.s.w.s.m.m.a.RequestMappingHandlerMapping - Mapped "{[/purchase_order/delete/{id}],methods=[DELETE]}" onto public void com.company.invoicing.controllers.Purchase_orderController.remove(long)
""2017-06-14 22:39:36 [main] INFO  o.s.w.s.m.m.a.RequestMappingHandlerMapping - Mapped "{[/purchase_order/update],methods=[PUT]}" onto public void com.company.invoicing.controllers.Purchase_orderController.update(com.company.invoicing.models.Purchase_order)
""2017-06-14 22:39:36 [main] INFO  o.s.w.s.m.m.a.RequestMappingHandlerMapping - Mapped "{[/purchase_order/{id}],methods=[GET]}" onto public com.company.invoicing.models.Purchase_order com.company.invoicing.controllers.Purchase_orderController.find(long)
""2017-06-14 22:39:36 [main] INFO  o.s.w.s.m.m.a.RequestMappingHandlerMapping - Mapped "{[/purchase_order/create],methods=[POST]}" onto public void com.company.invoicing.controllers.Purchase_orderController.create(com.company.invoicing.models.Purchase_order)
""2017-06-14 22:39:36 [main] INFO  o.s.w.s.m.m.a.RequestMappingHandlerMapping - Mapped "{[/purchase_order/search],methods=[POST]}" onto public java.util.List<com.company.invoicing.models.Purchase_order> com.company.invoicing.controllers.Purchase_orderController.search(com.company.invoicing.models.Purchase_order)
""2017-06-14 22:39:36 [main] INFO  o.s.w.s.m.m.a.RequestMappingHandlerMapping - Mapped "{[/purchase_order],methods=[GET]}" onto public java.util.List<com.company.invoicing.models.Purchase_order> com.company.invoicing.controllers.Purchase_orderController.getAll(javax.servlet.http.HttpServletRequest)
""2017-06-14 22:39:36 [main] INFO  o.s.w.s.m.m.a.RequestMappingHandlerMapping - Mapped "{[/purchase_order/exportToXML/{id}],methods=[POST]}" onto public void com.company.invoicing.controllers.Purchase_orderController.exportToXML(java.lang.Long)
""2017-06-14 22:39:36 [main] INFO  o.s.w.s.m.m.a.RequestMappingHandlerMapping - Mapped "{[/purchase_order/allPOIs/{id}],methods=[POST]}" onto public java.util.List<com.company.invoicing.models.Purchase_order_item> com.company.invoicing.controllers.Purchase_orderController.allPOIs(long)
""2017-06-14 22:39:36 [main] INFO  o.s.w.s.m.m.a.RequestMappingHandlerMapping - Mapped "{[/role/update],methods=[PUT]}" onto public void com.company.invoicing.controllers.RoleController.update(com.company.invoicing.models.Role)
""2017-06-14 22:39:36 [main] INFO  o.s.w.s.m.m.a.RequestMappingHandlerMapping - Mapped "{[/role/delete/{id}],methods=[DELETE]}" onto public void com.company.invoicing.controllers.RoleController.delete(java.lang.Long)
""2017-06-14 22:39:36 [main] INFO  o.s.w.s.m.m.a.RequestMappingHandlerMapping - Mapped "{[/role/create],methods=[POST]}" onto public void com.company.invoicing.controllers.RoleController.create(com.company.invoicing.models.Role)
""2017-06-14 22:39:36 [main] INFO  o.s.w.s.m.m.a.RequestMappingHandlerMapping - Mapped "{[/role],methods=[GET]}" onto public java.util.List<com.company.invoicing.models.Role> com.company.invoicing.controllers.RoleController.all()
""2017-06-14 22:39:36 [main] INFO  o.s.w.s.m.m.a.RequestMappingHandlerMapping - Mapped "{[/role/{id}],methods=[GET]}" onto public com.company.invoicing.models.Role com.company.invoicing.controllers.RoleController.findOne(java.lang.Long)
""2017-06-14 22:39:36 [main] INFO  o.s.w.s.m.m.a.RequestMappingHandlerMapping - Mapped "{[/role_permission/update],methods=[PUT]}" onto public void com.company.invoicing.controllers.RolePermissionController.update(com.company.invoicing.models.RolePermission)
""2017-06-14 22:39:36 [main] INFO  o.s.w.s.m.m.a.RequestMappingHandlerMapping - Mapped "{[/role_permission/delete/{id}],methods=[DELETE]}" onto public void com.company.invoicing.controllers.RolePermissionController.delete(java.lang.Long)
""2017-06-14 22:39:36 [main] INFO  o.s.w.s.m.m.a.RequestMappingHandlerMapping - Mapped "{[/role_permission/create],methods=[POST]}" onto public void com.company.invoicing.controllers.RolePermissionController.create(com.company.invoicing.models.RolePermission)
""2017-06-14 22:39:36 [main] INFO  o.s.w.s.m.m.a.RequestMappingHandlerMapping - Mapped "{[/role_permission],methods=[GET]}" onto public java.util.List<com.company.invoicing.models.RolePermission> com.company.invoicing.controllers.RolePermissionController.all()
""2017-06-14 22:39:36 [main] INFO  o.s.w.s.m.m.a.RequestMappingHandlerMapping - Mapped "{[/role_permission/{id}],methods=[GET]}" onto public com.company.invoicing.models.RolePermission com.company.invoicing.controllers.RolePermissionController.findOne(java.lang.Long)
""2017-06-14 22:39:36 [main] INFO  o.s.w.s.m.m.a.RequestMappingHandlerMapping - Mapped "{[/tabela/update],methods=[PUT]}" onto public void com.company.invoicing.controllers.TabelaController.update(com.company.invoicing.models.Tabela)
""2017-06-14 22:39:36 [main] INFO  o.s.w.s.m.m.a.RequestMappingHandlerMapping - Mapped "{[/tabela/delete/{id}],methods=[DELETE]}" onto public void com.company.invoicing.controllers.TabelaController.delete(java.lang.Long)
""2017-06-14 22:39:36 [main] INFO  o.s.w.s.m.m.a.RequestMappingHandlerMapping - Mapped "{[/tabela/create],methods=[POST]}" onto public void com.company.invoicing.controllers.TabelaController.create(com.company.invoicing.models.Tabela)
""2017-06-14 22:39:36 [main] INFO  o.s.w.s.m.m.a.RequestMappingHandlerMapping - Mapped "{[/tabela],methods=[GET]}" onto public java.util.List<com.company.invoicing.models.Tabela> com.company.invoicing.controllers.TabelaController.all()
""2017-06-14 22:39:36 [main] INFO  o.s.w.s.m.m.a.RequestMappingHandlerMapping - Mapped "{[/tabela/{id}],methods=[GET]}" onto public com.company.invoicing.models.Tabela com.company.invoicing.controllers.TabelaController.findOne(java.lang.Long)
""2017-06-14 22:39:36 [main] INFO  o.s.w.s.m.m.a.RequestMappingHandlerMapping - Mapped "{[/units_of_measurement/delete/{id}],methods=[DELETE]}" onto public void com.company.invoicing.controllers.Units_of_measurementController.remove(long)
""2017-06-14 22:39:36 [main] INFO  o.s.w.s.m.m.a.RequestMappingHandlerMapping - Mapped "{[/units_of_measurement/update],methods=[PUT]}" onto public void com.company.invoicing.controllers.Units_of_measurementController.update(com.company.invoicing.models.Units_of_measurement)
""2017-06-14 22:39:36 [main] INFO  o.s.w.s.m.m.a.RequestMappingHandlerMapping - Mapped "{[/units_of_measurement/{id}],methods=[GET]}" onto public com.company.invoicing.models.Units_of_measurement com.company.invoicing.controllers.Units_of_measurementController.find(long)
""2017-06-14 22:39:36 [main] INFO  o.s.w.s.m.m.a.RequestMappingHandlerMapping - Mapped "{[/units_of_measurement/create],methods=[POST]}" onto public void com.company.invoicing.controllers.Units_of_measurementController.create(com.company.invoicing.models.Units_of_measurement)
""2017-06-14 22:39:36 [main] INFO  o.s.w.s.m.m.a.RequestMappingHandlerMapping - Mapped "{[/units_of_measurement/search],methods=[POST]}" onto public java.util.List<com.company.invoicing.models.Units_of_measurement> com.company.invoicing.controllers.Units_of_measurementController.search(com.company.invoicing.models.Units_of_measurement)
""2017-06-14 22:39:36 [main] INFO  o.s.w.s.m.m.a.RequestMappingHandlerMapping - Mapped "{[/units_of_measurement],methods=[GET]}" onto public java.util.List<com.company.invoicing.models.Units_of_measurement> com.company.invoicing.controllers.Units_of_measurementController.getAll()
""2017-06-14 22:39:36 [main] INFO  o.s.w.s.m.m.a.RequestMappingHandlerMapping - Mapped "{[/user/update],methods=[PUT]}" onto public void com.company.invoicing.controllers.UserController.update(com.company.invoicing.models.User)
""2017-06-14 22:39:36 [main] INFO  o.s.w.s.m.m.a.RequestMappingHandlerMapping - Mapped "{[/user/delete/{id}],methods=[DELETE]}" onto public void com.company.invoicing.controllers.UserController.delete(java.lang.Long)
""2017-06-14 22:39:36 [main] INFO  o.s.w.s.m.m.a.RequestMappingHandlerMapping - Mapped "{[/user/create],methods=[POST]}" onto public void com.company.invoicing.controllers.UserController.create(com.company.invoicing.models.User)
""2017-06-14 22:39:36 [main] INFO  o.s.w.s.m.m.a.RequestMappingHandlerMapping - Mapped "{[/user],methods=[GET]}" onto public java.util.List<com.company.invoicing.models.User> com.company.invoicing.controllers.UserController.all(javax.servlet.http.HttpServletRequest)
""2017-06-14 22:39:36 [main] INFO  o.s.w.s.m.m.a.RequestMappingHandlerMapping - Mapped "{[/user/{id}],methods=[GET]}" onto public com.company.invoicing.models.User com.company.invoicing.controllers.UserController.findOne(java.lang.Long)
""2017-06-14 22:39:36 [main] INFO  o.s.w.s.m.m.a.RequestMappingHandlerMapping - Mapped "{[/user/change_password/{username}/{password}],methods=[POST]}" onto public void com.company.invoicing.controllers.UserController.change_password(java.lang.String,java.lang.String)
""2017-06-14 22:39:36 [main] INFO  o.s.w.s.m.m.a.RequestMappingHandlerMapping - Mapped "{[/vat_rate/delete/{id}],methods=[DELETE]}" onto public void com.company.invoicing.controllers.Vat_rateController.remove(long)
""2017-06-14 22:39:36 [main] INFO  o.s.w.s.m.m.a.RequestMappingHandlerMapping - Mapped "{[/vat_rate/update],methods=[PUT]}" onto public void com.company.invoicing.controllers.Vat_rateController.update(com.company.invoicing.models.Vat_rate)
""2017-06-14 22:39:36 [main] INFO  o.s.w.s.m.m.a.RequestMappingHandlerMapping - Mapped "{[/vat_rate/{id}],methods=[GET]}" onto public com.company.invoicing.models.Vat_rate com.company.invoicing.controllers.Vat_rateController.find(long)
""2017-06-14 22:39:36 [main] INFO  o.s.w.s.m.m.a.RequestMappingHandlerMapping - Mapped "{[/vat_rate/create],methods=[POST]}" onto public void com.company.invoicing.controllers.Vat_rateController.create(com.company.invoicing.models.Vat_rate)
""2017-06-14 22:39:36 [main] INFO  o.s.w.s.m.m.a.RequestMappingHandlerMapping - Mapped "{[/vat_rate/search],methods=[POST]}" onto public java.util.List<com.company.invoicing.models.Vat_rate> com.company.invoicing.controllers.Vat_rateController.search(com.company.invoicing.models.Vat_rate)
""2017-06-14 22:39:36 [main] INFO  o.s.w.s.m.m.a.RequestMappingHandlerMapping - Mapped "{[/vat_rate],methods=[GET]}" onto public java.util.List<com.company.invoicing.models.Vat_rate> com.company.invoicing.controllers.Vat_rateController.getAll()
""2017-06-14 22:39:36 [main] INFO  o.s.w.s.m.m.a.RequestMappingHandlerMapping - Mapped "{[/vat_type/delete/{id}],methods=[DELETE]}" onto public void com.company.invoicing.controllers.Vat_typeController.remove(long)
""2017-06-14 22:39:36 [main] INFO  o.s.w.s.m.m.a.RequestMappingHandlerMapping - Mapped "{[/vat_type/update],methods=[PUT]}" onto public void com.company.invoicing.controllers.Vat_typeController.update(com.company.invoicing.models.Vat_type)
""2017-06-14 22:39:36 [main] INFO  o.s.w.s.m.m.a.RequestMappingHandlerMapping - Mapped "{[/vat_type/{id}],methods=[GET]}" onto public com.company.invoicing.models.Vat_type com.company.invoicing.controllers.Vat_typeController.find(long)
""2017-06-14 22:39:36 [main] INFO  o.s.w.s.m.m.a.RequestMappingHandlerMapping - Mapped "{[/vat_type/create],methods=[POST]}" onto public void com.company.invoicing.controllers.Vat_typeController.create(com.company.invoicing.models.Vat_type)
""2017-06-14 22:39:36 [main] INFO  o.s.w.s.m.m.a.RequestMappingHandlerMapping - Mapped "{[/vat_type/search],methods=[POST]}" onto public java.util.List<com.company.invoicing.models.Vat_type> com.company.invoicing.controllers.Vat_typeController.search(com.company.invoicing.models.Vat_type)
""2017-06-14 22:39:36 [main] INFO  o.s.w.s.m.m.a.RequestMappingHandlerMapping - Mapped "{[/vat_type],methods=[GET]}" onto public java.util.List<com.company.invoicing.models.Vat_type> com.company.invoicing.controllers.Vat_typeController.getAll()
""2017-06-14 22:39:36 [main] INFO  o.s.w.s.m.m.a.RequestMappingHandlerMapping - Mapped "{[/auth],methods=[POST]}" onto public org.springframework.http.ResponseEntity<?> com.company.invoicing.security.AuthenticationRestController.createAuthenticationToken(com.company.invoicing.security.JwtAuthenticationRequest,org.springframework.mobile.device.Device) throws org.springframework.security.core.AuthenticationException
""2017-06-14 22:39:36 [main] INFO  o.s.w.s.m.m.a.RequestMappingHandlerMapping - Mapped "{[/refresh],methods=[GET]}" onto public org.springframework.http.ResponseEntity<?> com.company.invoicing.security.AuthenticationRestController.refreshAndGetAuthenticationToken(javax.servlet.http.HttpServletRequest)
""2017-06-14 22:39:36 [main] INFO  o.s.w.s.m.m.a.RequestMappingHandlerMapping - Mapped "{[/logged_user],methods=[GET]}" onto public com.company.invoicing.security.JwtUser com.company.invoicing.security.UserRestController.getAuthenticatedUser(javax.servlet.http.HttpServletRequest)
""2017-06-14 22:39:36 [main] INFO  o.s.w.s.m.m.a.RequestMappingHandlerMapping - Mapped "{[/logged_user_model],methods=[GET]}" onto public com.company.invoicing.models.User com.company.invoicing.security.UserRestController.getAuthenticatedUserModel(javax.servlet.http.HttpServletRequest)
""2017-06-14 22:39:36 [main] INFO  o.s.w.s.m.m.a.RequestMappingHandlerMapping - Mapped "{[/error]}" onto public org.springframework.http.ResponseEntity<java.util.Map<java.lang.String, java.lang.Object>> org.springframework.boot.autoconfigure.web.BasicErrorController.error(javax.servlet.http.HttpServletRequest)
""2017-06-14 22:39:36 [main] INFO  o.s.w.s.m.m.a.RequestMappingHandlerMapping - Mapped "{[/error],produces=[text/html]}" onto public org.springframework.web.servlet.ModelAndView org.springframework.boot.autoconfigure.web.BasicErrorController.errorHtml(javax.servlet.http.HttpServletRequest,javax.servlet.http.HttpServletResponse)
""2017-06-14 22:39:36 [main] INFO  o.s.w.s.h.SimpleUrlHandlerMapping - Mapped URL path [/webjars/**] onto handler of type [class org.springframework.web.servlet.resource.ResourceHttpRequestHandler]
""2017-06-14 22:39:36 [main] INFO  o.s.w.s.h.SimpleUrlHandlerMapping - Mapped URL path [/**] onto handler of type [class org.springframework.web.servlet.resource.ResourceHttpRequestHandler]
""2017-06-14 22:39:36 [main] INFO  o.s.w.s.m.m.a.ExceptionHandlerExceptionResolver - Detected @ExceptionHandler methods in repositoryRestExceptionHandler
""2017-06-14 22:39:36 [main] INFO  o.s.w.s.h.SimpleUrlHandlerMapping - Mapped URL path [/**/favicon.ico] onto handler of type [class org.springframework.web.servlet.resource.ResourceHttpRequestHandler]
""2017-06-14 22:39:36 [main] WARN  o.s.b.a.t.AbstractTemplateResolverConfiguration - Cannot find template location: classpath:/templates/ (please add some templates or check your Thymeleaf configuration)
""2017-06-14 22:39:37 [main] INFO  o.s.b.a.w.WebMvcAutoConfiguration$WelcomePageHandlerMapping - Adding welcome page: class path resource [static/index.html]
""2017-06-14 22:39:37 [main] INFO  o.s.d.r.w.RepositoryRestHandlerAdapter - Looking for @ControllerAdvice: org.springframework.boot.context.embedded.AnnotationConfigEmbeddedWebApplicationContext@7f9fcf7f: startup date [Wed Jun 14 22:39:25 CEST 2017]; root of context hierarchy
""2017-06-14 22:39:37 [main] INFO  o.s.d.r.w.RepositoryRestHandlerMapping - Mapped "{[/{repository}/{id}],methods=[PUT],produces=[application/hal+json || application/json]}" onto public org.springframework.http.ResponseEntity<? extends org.springframework.hateoas.ResourceSupport> org.springframework.data.rest.webmvc.RepositoryEntityController.putItemResource(org.springframework.data.rest.webmvc.RootResourceInformation,org.springframework.data.rest.webmvc.PersistentEntityResource,java.io.Serializable,org.springframework.data.rest.webmvc.PersistentEntityResourceAssembler,org.springframework.data.rest.webmvc.support.ETag,java.lang.String) throws org.springframework.web.HttpRequestMethodNotSupportedException
""2017-06-14 22:39:37 [main] INFO  o.s.d.r.w.RepositoryRestHandlerMapping - Mapped "{[/{repository}/{id}],methods=[GET],produces=[application/hal+json || application/json]}" onto public org.springframework.http.ResponseEntity<org.springframework.hateoas.Resource<?>> org.springframework.data.rest.webmvc.RepositoryEntityController.getItemResource(org.springframework.data.rest.webmvc.RootResourceInformation,java.io.Serializable,org.springframework.data.rest.webmvc.PersistentEntityResourceAssembler,org.springframework.http.HttpHeaders) throws org.springframework.web.HttpRequestMethodNotSupportedException
""2017-06-14 22:39:37 [main] INFO  o.s.d.r.w.RepositoryRestHandlerMapping - Mapped "{[/{repository}/{id}],methods=[HEAD],produces=[application/hal+json || application/json]}" onto public org.springframework.http.ResponseEntity<?> org.springframework.data.rest.webmvc.RepositoryEntityController.headForItemResource(org.springframework.data.rest.webmvc.RootResourceInformation,java.io.Serializable,org.springframework.data.rest.webmvc.PersistentEntityResourceAssembler) throws org.springframework.web.HttpRequestMethodNotSupportedException
""2017-06-14 22:39:37 [main] INFO  o.s.d.r.w.RepositoryRestHandlerMapping - Mapped "{[/{repository}/{id}],methods=[DELETE],produces=[application/hal+json || application/json]}" onto public org.springframework.http.ResponseEntity<?> org.springframework.data.rest.webmvc.RepositoryEntityController.deleteItemResource(org.springframework.data.rest.webmvc.RootResourceInformation,java.io.Serializable,org.springframework.data.rest.webmvc.support.ETag) throws org.springframework.data.rest.webmvc.ResourceNotFoundException,org.springframework.web.HttpRequestMethodNotSupportedException
""2017-06-14 22:39:37 [main] INFO  o.s.d.r.w.RepositoryRestHandlerMapping - Mapped "{[/{repository}],methods=[GET],produces=[application/hal+json || application/json]}" onto public org.springframework.hateoas.Resources<?> org.springframework.data.rest.webmvc.RepositoryEntityController.getCollectionResource(org.springframework.data.rest.webmvc.RootResourceInformation,org.springframework.data.rest.webmvc.support.DefaultedPageable,org.springframework.data.domain.Sort,org.springframework.data.rest.webmvc.PersistentEntityResourceAssembler) throws org.springframework.data.rest.webmvc.ResourceNotFoundException,org.springframework.web.HttpRequestMethodNotSupportedException
""2017-06-14 22:39:37 [main] INFO  o.s.d.r.w.RepositoryRestHandlerMapping - Mapped "{[/{repository}],methods=[HEAD],produces=[application/hal+json || application/json]}" onto public org.springframework.http.ResponseEntity<?> org.springframework.data.rest.webmvc.RepositoryEntityController.headCollectionResource(org.springframework.data.rest.webmvc.RootResourceInformation,org.springframework.data.rest.webmvc.support.DefaultedPageable) throws org.springframework.web.HttpRequestMethodNotSupportedException
""2017-06-14 22:39:37 [main] INFO  o.s.d.r.w.RepositoryRestHandlerMapping - Mapped "{[/{repository}],methods=[GET],produces=[application/x-spring-data-compact+json || text/uri-list]}" onto public org.springframework.hateoas.Resources<?> org.springframework.data.rest.webmvc.RepositoryEntityController.getCollectionResourceCompact(org.springframework.data.rest.webmvc.RootResourceInformation,org.springframework.data.rest.webmvc.support.DefaultedPageable,org.springframework.data.domain.Sort,org.springframework.data.rest.webmvc.PersistentEntityResourceAssembler) throws org.springframework.data.rest.webmvc.ResourceNotFoundException,org.springframework.web.HttpRequestMethodNotSupportedException
""2017-06-14 22:39:37 [main] INFO  o.s.d.r.w.RepositoryRestHandlerMapping - Mapped "{[/{repository}/{id}],methods=[OPTIONS],produces=[application/hal+json || application/json]}" onto public org.springframework.http.ResponseEntity<?> org.springframework.data.rest.webmvc.RepositoryEntityController.optionsForItemResource(org.springframework.data.rest.webmvc.RootResourceInformation)
""2017-06-14 22:39:37 [main] INFO  o.s.d.r.w.RepositoryRestHandlerMapping - Mapped "{[/{repository}/{id}],methods=[PATCH],produces=[application/hal+json || application/json]}" onto public org.springframework.http.ResponseEntity<org.springframework.hateoas.ResourceSupport> org.springframework.data.rest.webmvc.RepositoryEntityController.patchItemResource(org.springframework.data.rest.webmvc.RootResourceInformation,org.springframework.data.rest.webmvc.PersistentEntityResource,java.io.Serializable,org.springframework.data.rest.webmvc.PersistentEntityResourceAssembler,org.springframework.data.rest.webmvc.support.ETag,java.lang.String) throws org.springframework.web.HttpRequestMethodNotSupportedException,org.springframework.data.rest.webmvc.ResourceNotFoundException
""2017-06-14 22:39:37 [main] INFO  o.s.d.r.w.RepositoryRestHandlerMapping - Mapped "{[/{repository}],methods=[OPTIONS],produces=[application/hal+json || application/json]}" onto public org.springframework.http.ResponseEntity<?> org.springframework.data.rest.webmvc.RepositoryEntityController.optionsForCollectionResource(org.springframework.data.rest.webmvc.RootResourceInformation)
""2017-06-14 22:39:37 [main] INFO  o.s.d.r.w.RepositoryRestHandlerMapping - Mapped "{[/{repository}],methods=[POST],produces=[application/hal+json || application/json]}" onto public org.springframework.http.ResponseEntity<org.springframework.hateoas.ResourceSupport> org.springframework.data.rest.webmvc.RepositoryEntityController.postCollectionResource(org.springframework.data.rest.webmvc.RootResourceInformation,org.springframework.data.rest.webmvc.PersistentEntityResource,org.springframework.data.rest.webmvc.PersistentEntityResourceAssembler,java.lang.String) throws org.springframework.web.HttpRequestMethodNotSupportedException
""2017-06-14 22:39:37 [main] INFO  o.s.d.r.w.RepositoryRestHandlerMapping - Mapped "{[/{repository}/{id}/{property}],methods=[DELETE],produces=[application/hal+json || application/json]}" onto public org.springframework.http.ResponseEntity<? extends org.springframework.hateoas.ResourceSupport> org.springframework.data.rest.webmvc.RepositoryPropertyReferenceController.deletePropertyReference(org.springframework.data.rest.webmvc.RootResourceInformation,java.io.Serializable,java.lang.String) throws java.lang.Exception
""2017-06-14 22:39:37 [main] INFO  o.s.d.r.w.RepositoryRestHandlerMapping - Mapped "{[/{repository}/{id}/{property}],methods=[GET],produces=[application/x-spring-data-compact+json || text/uri-list]}" onto public org.springframework.http.ResponseEntity<org.springframework.hateoas.ResourceSupport> org.springframework.data.rest.webmvc.RepositoryPropertyReferenceController.followPropertyReferenceCompact(org.springframework.data.rest.webmvc.RootResourceInformation,java.io.Serializable,java.lang.String,org.springframework.data.rest.webmvc.PersistentEntityResourceAssembler) throws java.lang.Exception
""2017-06-14 22:39:37 [main] INFO  o.s.d.r.w.RepositoryRestHandlerMapping - Mapped "{[/{repository}/{id}/{property}/{propertyId}],methods=[DELETE],produces=[application/hal+json || application/json]}" onto public org.springframework.http.ResponseEntity<org.springframework.hateoas.ResourceSupport> org.springframework.data.rest.webmvc.RepositoryPropertyReferenceController.deletePropertyReferenceId(org.springframework.data.rest.webmvc.RootResourceInformation,java.io.Serializable,java.lang.String,java.lang.String) throws java.lang.Exception
""2017-06-14 22:39:37 [main] INFO  o.s.d.r.w.RepositoryRestHandlerMapping - Mapped "{[/{repository}/{id}/{property}],methods=[GET],produces=[application/hal+json || application/json]}" onto public org.springframework.http.ResponseEntity<org.springframework.hateoas.ResourceSupport> org.springframework.data.rest.webmvc.RepositoryPropertyReferenceController.followPropertyReference(org.springframework.data.rest.webmvc.RootResourceInformation,java.io.Serializable,java.lang.String,org.springframework.data.rest.webmvc.PersistentEntityResourceAssembler) throws java.lang.Exception
""2017-06-14 22:39:37 [main] INFO  o.s.d.r.w.RepositoryRestHandlerMapping - Mapped "{[/{repository}/{id}/{property}/{propertyId}],methods=[GET],produces=[application/hal+json || application/json]}" onto public org.springframework.http.ResponseEntity<org.springframework.hateoas.ResourceSupport> org.springframework.data.rest.webmvc.RepositoryPropertyReferenceController.followPropertyReference(org.springframework.data.rest.webmvc.RootResourceInformation,java.io.Serializable,java.lang.String,java.lang.String,org.springframework.data.rest.webmvc.PersistentEntityResourceAssembler) throws java.lang.Exception
""2017-06-14 22:39:37 [main] INFO  o.s.d.r.w.RepositoryRestHandlerMapping - Mapped "{[/{repository}/{id}/{property}],methods=[PATCH || PUT || POST],consumes=[application/json || application/x-spring-data-compact+json || text/uri-list],produces=[application/hal+json || application/json]}" onto public org.springframework.http.ResponseEntity<? extends org.springframework.hateoas.ResourceSupport> org.springframework.data.rest.webmvc.RepositoryPropertyReferenceController.createPropertyReference(org.springframework.data.rest.webmvc.RootResourceInformation,org.springframework.http.HttpMethod,org.springframework.hateoas.Resources<java.lang.Object>,java.io.Serializable,java.lang.String) throws java.lang.Exception
""2017-06-14 22:39:37 [main] INFO  o.s.d.r.w.RepositoryRestHandlerMapping - Mapped "{[/{repository}/search/{search}],methods=[HEAD],produces=[application/hal+json || application/json]}" onto public org.springframework.http.ResponseEntity<java.lang.Object> org.springframework.data.rest.webmvc.RepositorySearchController.headForSearch(org.springframework.data.rest.webmvc.RootResourceInformation,java.lang.String)
""2017-06-14 22:39:37 [main] INFO  o.s.d.r.w.RepositoryRestHandlerMapping - Mapped "{[/{repository}/search],methods=[GET],produces=[application/hal+json || application/json]}" onto public org.springframework.data.rest.webmvc.RepositorySearchesResource org.springframework.data.rest.webmvc.RepositorySearchController.listSearches(org.springframework.data.rest.webmvc.RootResourceInformation)
""2017-06-14 22:39:37 [main] INFO  o.s.d.r.w.RepositoryRestHandlerMapping - Mapped "{[/{repository}/search/{search}],methods=[OPTIONS],produces=[application/hal+json || application/json]}" onto public org.springframework.http.ResponseEntity<java.lang.Object> org.springframework.data.rest.webmvc.RepositorySearchController.optionsForSearch(org.springframework.data.rest.webmvc.RootResourceInformation,java.lang.String)
""2017-06-14 22:39:37 [main] INFO  o.s.d.r.w.RepositoryRestHandlerMapping - Mapped "{[/{repository}/search],methods=[HEAD],produces=[application/hal+json || application/json]}" onto public org.springframework.http.HttpEntity<?> org.springframework.data.rest.webmvc.RepositorySearchController.headForSearches(org.springframework.data.rest.webmvc.RootResourceInformation)
""2017-06-14 22:39:37 [main] INFO  o.s.d.r.w.RepositoryRestHandlerMapping - Mapped "{[/{repository}/search/{search}],methods=[GET],produces=[application/hal+json || application/json]}" onto public org.springframework.http.ResponseEntity<?> org.springframework.data.rest.webmvc.RepositorySearchController.executeSearch(org.springframework.data.rest.webmvc.RootResourceInformation,org.springframework.util.MultiValueMap<java.lang.String, java.lang.Object>,java.lang.String,org.springframework.data.rest.webmvc.support.DefaultedPageable,org.springframework.data.domain.Sort,org.springframework.data.rest.webmvc.PersistentEntityResourceAssembler,org.springframework.http.HttpHeaders)
""2017-06-14 22:39:37 [main] INFO  o.s.d.r.w.RepositoryRestHandlerMapping - Mapped "{[/{repository}/search],methods=[OPTIONS],produces=[application/hal+json || application/json]}" onto public org.springframework.http.HttpEntity<?> org.springframework.data.rest.webmvc.RepositorySearchController.optionsForSearches(org.springframework.data.rest.webmvc.RootResourceInformation)
""2017-06-14 22:39:37 [main] INFO  o.s.d.r.w.RepositoryRestHandlerMapping - Mapped "{[/{repository}/search/{search}],methods=[GET],produces=[application/x-spring-data-compact+json]}" onto public org.springframework.hateoas.ResourceSupport org.springframework.data.rest.webmvc.RepositorySearchController.executeSearchCompact(org.springframework.data.rest.webmvc.RootResourceInformation,org.springframework.http.HttpHeaders,org.springframework.util.MultiValueMap<java.lang.String, java.lang.Object>,java.lang.String,java.lang.String,org.springframework.data.rest.webmvc.support.DefaultedPageable,org.springframework.data.domain.Sort,org.springframework.data.rest.webmvc.PersistentEntityResourceAssembler)
""2017-06-14 22:39:37 [main] INFO  o.s.d.r.w.RepositoryRestHandlerMapping - Mapped "{[/ || ],methods=[GET],produces=[application/hal+json || application/json]}" onto public org.springframework.http.HttpEntity<org.springframework.data.rest.webmvc.RepositoryLinksResource> org.springframework.data.rest.webmvc.RepositoryController.listRepositories()
""2017-06-14 22:39:37 [main] INFO  o.s.d.r.w.RepositoryRestHandlerMapping - Mapped "{[/ || ],methods=[HEAD],produces=[application/hal+json || application/json]}" onto public org.springframework.http.ResponseEntity<?> org.springframework.data.rest.webmvc.RepositoryController.headForRepositories()
""2017-06-14 22:39:37 [main] INFO  o.s.d.r.w.RepositoryRestHandlerMapping - Mapped "{[/ || ],methods=[OPTIONS],produces=[application/hal+json || application/json]}" onto public org.springframework.http.HttpEntity<?> org.springframework.data.rest.webmvc.RepositoryController.optionsForRepositories()
""2017-06-14 22:39:37 [main] INFO  o.s.d.r.w.BasePathAwareHandlerMapping - Mapped "{[/profile/{repository}],methods=[GET],produces=[application/alps+json || */*]}" onto org.springframework.http.HttpEntity<org.springframework.data.rest.webmvc.RootResourceInformation> org.springframework.data.rest.webmvc.alps.AlpsController.descriptor(org.springframework.data.rest.webmvc.RootResourceInformation)
""2017-06-14 22:39:37 [main] INFO  o.s.d.r.w.BasePathAwareHandlerMapping - Mapped "{[/profile/{repository}],methods=[OPTIONS],produces=[application/alps+json]}" onto org.springframework.http.HttpEntity<?> org.springframework.data.rest.webmvc.alps.AlpsController.alpsOptions()
""2017-06-14 22:39:37 [main] INFO  o.s.d.r.w.BasePathAwareHandlerMapping - Mapped "{[/profile],methods=[OPTIONS]}" onto public org.springframework.http.HttpEntity<?> org.springframework.data.rest.webmvc.ProfileController.profileOptions()
""2017-06-14 22:39:37 [main] INFO  o.s.d.r.w.BasePathAwareHandlerMapping - Mapped "{[/profile],methods=[GET]}" onto org.springframework.http.HttpEntity<org.springframework.hateoas.ResourceSupport> org.springframework.data.rest.webmvc.ProfileController.listAllFormsOfMetadata()
""2017-06-14 22:39:37 [main] INFO  o.s.d.r.w.BasePathAwareHandlerMapping - Mapped "{[/profile/{repository}],methods=[GET],produces=[application/schema+json]}" onto public org.springframework.http.HttpEntity<org.springframework.data.rest.webmvc.json.JsonSchema> org.springframework.data.rest.webmvc.RepositorySchemaController.schema(org.springframework.data.rest.webmvc.RootResourceInformation)
""2017-06-14 22:39:37 [main] INFO  o.s.j.e.a.AnnotationMBeanExporter - Registering beans for JMX exposure on startup
""2017-06-14 22:39:38 [main] INFO  o.s.b.c.e.t.TomcatEmbeddedServletContainer - Tomcat started on port(s): 9000 (https)
""2017-06-14 22:39:38 [main] INFO  c.c.invoicing.InvoicingApplication - Started InvoicingApplication in 13.552 seconds (JVM running for 14.518)
"