/*C12*/SET SCHEMA PUBLIC
alter table business_partner drop constraint UKb4sgt1f49ddy6b6x2753tljx4
alter table business_partner add constraint UKb4sgt1f49ddy6b6x2753tljx4 unique (company, company_partner)
alter table invoice_item drop constraint UKh6ufo2uw5eb0bjre2njbt4050
alter table invoice_item add constraint UKh6ufo2uw5eb0bjre2njbt4050 unique (invoice, item)
alter table price_list_item drop constraint UK7nn6x1wom557feccpxmvgovvj
alter table price_list_item add constraint UK7nn6x1wom557feccpxmvgovvj unique (price_list, item)
alter table purchase_order_item drop constraint UKbi6rteunlxncjgoq6vsninqcb
alter table purchase_order_item add constraint UKbi6rteunlxncjgoq6vsninqcb unique (purchase_order, item)
alter table role_permission drop constraint UKf7q4684g8k9uy34thqusxvy41
alter table role_permission add constraint UKf7q4684g8k9uy34thqusxvy41 unique (permission, role, tabela)
/*C9*/SET SCHEMA PUBLIC
DELETE FROM INVOICE WHERE INVOICE_ID=241
INSERT INTO INVOICE VALUES(241,'1234567890','2017-06-15 01:00:00.000000','2017-06-15 01:01:00.000000',1,'97',100287.0E0,99000.0E0,29700.0E0,200,90,210)
COMMIT
INSERT INTO INVOICE_ITEM VALUES(260,10.0E0,1000.0E0,100,100287.0E0,297.0E0,990.0E0,30.0E0,241,60)
ALTER SEQUENCE PUBLIC.HIBERNATE_SEQUENCE RESTART WITH 27
COMMIT
INSERT INTO INVOICE VALUES(270,'1234567890','2017-06-15 20:40:14.442000','2017-06-15 20:40:14.442000',3,'97',0.0E0,0.0E0,0.0E0,200,90,210)
INSERT INTO INVOICE_PURCHASE_ORDERS VALUES(270,220)
ALTER SEQUENCE PUBLIC.HIBERNATE_SEQUENCE RESTART WITH 28
COMMIT
INSERT INTO INVOICE_ITEM VALUES(261,0.0E0,1000.0E0,30,30200.0E0,200.0E0,1000.0E0,20.0E0,270,60)
DELETE FROM INVOICE WHERE INVOICE_ID=270
INSERT INTO INVOICE VALUES(270,'1234567890','2017-06-15 20:40:14.442000','2017-06-15 20:40:14.442000',3,'97',30200.0E0,30000.0E0,6000.0E0,200,90,210)
COMMIT
